<?xml version="1.0" encoding="UTF-8"?>
<testng-results skipped="0" failed="1" total="1" passed="0">
  <reporter-output>
    <line>
      <![CDATA[User was logged in successfully]]>
    </line>
    <line>
      <![CDATA[Navigated to the department page]]>
    </line>
    <line>
      <![CDATA[New Dept was created: NewDept548]]>
    </line>
    <line>
      <![CDATA[Failure]]>
    </line>
    <line>
      <![CDATA[<a href='C:\Maven\BluesourceSeleniumTests\failure_screenshots\testCreateNewDept_18_07_2014_12_04_27.png'>screenshot</a>]]>
    </line>
  </reporter-output>
  <suite name="Multiple Browsers" duration-ms="7524" started-at="2014-07-18T12:04:21Z" finished-at="2014-07-18T12:04:29Z">
    <groups>
    </groups>
    <test name="Add New Title_Chrome" duration-ms="7524" started-at="2014-07-18T12:04:21Z" finished-at="2014-07-18T12:04:29Z">
      <class name="com.orasi.bluesource.test.TestAddNewDept">
        <test-method status="PASS" signature="launchBrowser(java.lang.String)" name="launchBrowser" is-config="true" duration-ms="3371" started-at="2014-07-18T12:04:21Z" finished-at="2014-07-18T12:04:24Z">
          <params>
            <param index="0">
              <value>
                <![CDATA[Chrome]]>
              </value>
            </param>
          </params>
        </test-method>
        <test-method status="FAIL" signature="testCreateNewDept(com.orasi.bluesource.dataObject.TestAddNewDeptData)" name="testCreateNewDept" duration-ms="2745" started-at="2014-07-18T12:04:24Z" finished-at="2014-07-18T12:04:27Z">
          <params>
            <param index="0">
              <value>
                <![CDATA[com.orasi.bluesource.dataObject.TestAddNewDeptData@4fcdf9fb]]>
              </value>
            </param>
          </params>
          <exception class="java.lang.AssertionError">
            <full-stacktrace>
              <![CDATA[java.lang.AssertionError: 
	at org.junit.Assert.fail(Assert.java:91)
	at org.junit.Assert.assertTrue(Assert.java:43)
	at org.junit.Assert.assertTrue(Assert.java:54)
	at com.orasi.bluesource.test.TestAddNewDept.testCreateNewDept(TestAddNewDept.java:50)
	at sun.reflect.NativeMethodAccessorImpl.invoke0(Native Method)
	at sun.reflect.NativeMethodAccessorImpl.invoke(NativeMethodAccessorImpl.java:62)
	at sun.reflect.DelegatingMethodAccessorImpl.invoke(DelegatingMethodAccessorImpl.java:43)
	at java.lang.reflect.Method.invoke(Method.java:483)
	at org.testng.internal.MethodInvocationHelper.invokeMethod(MethodInvocationHelper.java:80)
	at org.testng.internal.Invoker.invokeMethod(Invoker.java:673)
	at org.testng.internal.Invoker.invokeTestMethod(Invoker.java:842)
	at org.testng.internal.Invoker.invokeTestMethods(Invoker.java:1166)
	at org.testng.internal.TestMethodWorker.invokeTestMethods(TestMethodWorker.java:125)
	at org.testng.internal.TestMethodWorker.run(TestMethodWorker.java:109)
	at org.testng.TestRunner.runWorkers(TestRunner.java:1178)
	at org.testng.TestRunner.privateRun(TestRunner.java:757)
	at org.testng.TestRunner.run(TestRunner.java:608)
	at org.testng.SuiteRunner.runTest(SuiteRunner.java:334)
	at org.testng.SuiteRunner.access$000(SuiteRunner.java:36)
	at org.testng.SuiteRunner$SuiteWorker.run(SuiteRunner.java:368)
	at org.testng.internal.thread.ThreadUtil$CountDownLatchedRunnable.run(ThreadUtil.java:165)
	at java.util.concurrent.ThreadPoolExecutor.runWorker(ThreadPoolExecutor.java:1142)
	at java.util.concurrent.ThreadPoolExecutor$Worker.run(ThreadPoolExecutor.java:617)
	at java.lang.Thread.run(Thread.java:745)
]]>
            </full-stacktrace>
          </exception>
        </test-method>
        <test-method status="PASS" signature="catchExceptions(org.testng.ITestResult)" name="catchExceptions" is-config="true" duration-ms="181" started-at="2014-07-18T12:04:27Z" finished-at="2014-07-18T12:04:27Z">
          <params>
            <param index="0">
              <value>
                <![CDATA[[TestResult: testCreateNewDept STATUS:FAILURE METHOD:com.orasi.bluesource.test.TestAddNewDept.testCreateNewDept(com.orasi.bluesource.dataObject.TestAddNewDeptData)User was logged in successfully]]>
              </value>
            </param>
          </params>
        </test-method>
        <test-method status="PASS" signature="cleanUp()" name="cleanUp" is-config="true" duration-ms="1203" started-at="2014-07-18T12:04:27Z" finished-at="2014-07-18T12:04:29Z">
        </test-method>
      </class>
    </test>
  </suite>
</testng-results>
