<?xml version="1.0" encoding="UTF-8"?>
<testng-results skipped="0" failed="1" total="1" passed="0">
  <reporter-output>
    <line>
      <![CDATA[Failure]]>
    </line>
    <line>
      <![CDATA[<a href='C:\Maven\BluesourceSeleniumTests\failure_screenshots\testAddEmployee_08_07_2014_02_18_50.png'>screenshot</a>]]>
    </line>
  </reporter-output>
  <suite name="Regression" duration-ms="5432" started-at="2014-07-08T18:18:48Z" finished-at="2014-07-08T18:18:53Z">
    <groups>
    </groups>
    <test name="Add New Employee" duration-ms="5432" started-at="2014-07-08T18:18:48Z" finished-at="2014-07-08T18:18:53Z">
      <class name="com.orasi.bluesource.test.TestAddNewEmployee">
        <test-method status="PASS" signature="launchBrowser()[pri:0, instance:com.orasi.bluesource.test.TestAddNewEmployee@3cda1055]" name="launchBrowser" is-config="true" duration-ms="2329" started-at="2014-07-08T14:18:48Z" finished-at="2014-07-08T14:18:50Z">
          <reporter-output>
          </reporter-output>
        </test-method> <!-- launchBrowser -->
        <test-method status="FAIL" signature="testAddEmployee(com.orasi.bluesource.dataObject.TestAddNewEmployeeData)[pri:0, instance:com.orasi.bluesource.test.TestAddNewEmployee@3cda1055]" name="testAddEmployee" duration-ms="196" started-at="2014-07-08T14:18:50Z" data-provider="addEmpData" finished-at="2014-07-08T14:18:50Z">
          <params>
            <param index="0">
              <value>
                <![CDATA[com.orasi.bluesource.dataObject.TestAddNewEmployeeData@6b2ea799]]>
              </value>
            </param>
          </params>
          <exception class="org.openqa.selenium.NoSuchElementException">
            <message>
              <![CDATA[no such element
  (Session info: chrome=35.0.1916.153)
  (Driver info: chromedriver=2.9.248315,platform=Windows NT 6.1 SP1 x86_64) (WARNING: The server did not provide any stacktrace information)
Command duration or timeout: 25 milliseconds
For documentation on this error, please visit: http://seleniumhq.org/exceptions/no_such_element.html
Build info: version: '2.42.2', revision: '6a6995d', time: '2014-06-03 17:42:30'
System info: host: 'Jesse', ip: '10.238.242.207', os.name: 'Windows 7', os.arch: 'amd64', os.version: '6.1', java.version: '1.8.0_05'
Driver info: org.openqa.selenium.chrome.ChromeDriver
Capabilities [{applicationCacheEnabled=false, rotatable=false, chrome={userDataDir=C:\Users\JESSIC~1.MAR\AppData\Local\Temp\scoped_dir3804_27796}, takesHeapSnapshot=true, databaseEnabled=false, handlesAlerts=true, version=35.0.1916.153, platform=XP, browserConnectionEnabled=false, nativeEvents=true, acceptSslCerts=true, locationContextEnabled=true, webStorageEnabled=true, browserName=chrome, takesScreenshot=true, javascriptEnabled=true, cssSelectorsEnabled=true}]
Session ID: 2f9db0127b532aa9a5bb673ed600fac9]]>
            </message>
            <full-stacktrace>
              <![CDATA[org.openqa.selenium.NoSuchElementException: no such element
  (Session info: chrome=35.0.1916.153)
  (Driver info: chromedriver=2.9.248315,platform=Windows NT 6.1 SP1 x86_64) (WARNING: The server did not provide any stacktrace information)
Command duration or timeout: 25 milliseconds
For documentation on this error, please visit: http://seleniumhq.org/exceptions/no_such_element.html
Build info: version: '2.42.2', revision: '6a6995d', time: '2014-06-03 17:42:30'
System info: host: 'Jesse', ip: '10.238.242.207', os.name: 'Windows 7', os.arch: 'amd64', os.version: '6.1', java.version: '1.8.0_05'
Driver info: org.openqa.selenium.chrome.ChromeDriver
Capabilities [{applicationCacheEnabled=false, rotatable=false, chrome={userDataDir=C:\Users\JESSIC~1.MAR\AppData\Local\Temp\scoped_dir3804_27796}, takesHeapSnapshot=true, databaseEnabled=false, handlesAlerts=true, version=35.0.1916.153, platform=XP, browserConnectionEnabled=false, nativeEvents=true, acceptSslCerts=true, locationContextEnabled=true, webStorageEnabled=true, browserName=chrome, takesScreenshot=true, javascriptEnabled=true, cssSelectorsEnabled=true}]
Session ID: 2f9db0127b532aa9a5bb673ed600fac9
	at sun.reflect.NativeConstructorAccessorImpl.newInstance0(Native Method)
	at sun.reflect.NativeConstructorAccessorImpl.newInstance(Unknown Source)
	at sun.reflect.DelegatingConstructorAccessorImpl.newInstance(Unknown Source)
	at java.lang.reflect.Constructor.newInstance(Unknown Source)
	at org.openqa.selenium.remote.ErrorHandler.createThrowable(ErrorHandler.java:204)
	at org.openqa.selenium.remote.ErrorHandler.throwIfResponseFailed(ErrorHandler.java:156)
	at org.openqa.selenium.remote.RemoteWebDriver.execute(RemoteWebDriver.java:599)
	at org.openqa.selenium.remote.RemoteWebDriver.findElement(RemoteWebDriver.java:352)
	at org.openqa.selenium.remote.RemoteWebDriver.findElementByLinkText(RemoteWebDriver.java:401)
	at org.openqa.selenium.By$ByLinkText.findElement(By.java:242)
	at org.openqa.selenium.remote.RemoteWebDriver.findElement(RemoteWebDriver.java:344)
	at com.orasi.bluesource.test.TestAddNewEmployee.testAddEmployee(TestAddNewEmployee.java:27)
	at sun.reflect.NativeMethodAccessorImpl.invoke0(Native Method)
	at sun.reflect.NativeMethodAccessorImpl.invoke(Unknown Source)
	at sun.reflect.DelegatingMethodAccessorImpl.invoke(Unknown Source)
	at java.lang.reflect.Method.invoke(Unknown Source)
	at org.testng.internal.MethodInvocationHelper.invokeMethod(MethodInvocationHelper.java:84)
	at org.testng.internal.Invoker.invokeMethod(Invoker.java:714)
	at org.testng.internal.Invoker.invokeTestMethod(Invoker.java:901)
	at org.testng.internal.Invoker.invokeTestMethods(Invoker.java:1231)
	at org.testng.internal.TestMethodWorker.invokeTestMethods(TestMethodWorker.java:127)
	at org.testng.internal.TestMethodWorker.run(TestMethodWorker.java:111)
	at org.testng.TestRunner.privateRun(TestRunner.java:767)
	at org.testng.TestRunner.run(TestRunner.java:617)
	at org.testng.SuiteRunner.runTest(SuiteRunner.java:334)
	at org.testng.SuiteRunner.runSequentially(SuiteRunner.java:329)
	at org.testng.SuiteRunner.privateRun(SuiteRunner.java:291)
	at org.testng.SuiteRunner.run(SuiteRunner.java:240)
	at org.testng.SuiteRunnerWorker.runSuite(SuiteRunnerWorker.java:52)
	at org.testng.SuiteRunnerWorker.run(SuiteRunnerWorker.java:86)
	at org.testng.TestNG.runSuitesSequentially(TestNG.java:1224)
	at org.testng.TestNG.runSuitesLocally(TestNG.java:1149)
	at org.testng.TestNG.run(TestNG.java:1057)
	at org.testng.remote.RemoteTestNG.run(RemoteTestNG.java:111)
	at org.testng.remote.RemoteTestNG.initAndRun(RemoteTestNG.java:204)
	at org.testng.remote.RemoteTestNG.main(RemoteTestNG.java:175)
]]>
            </full-stacktrace>
          </exception> <!-- org.openqa.selenium.NoSuchElementException -->
          <reporter-output>
          </reporter-output>
        </test-method> <!-- testAddEmployee -->
        <test-method status="PASS" signature="catchExceptions(org.testng.ITestResult)[pri:0, instance:com.orasi.bluesource.test.TestAddNewEmployee@3cda1055]" name="catchExceptions" is-config="true" duration-ms="302" started-at="2014-07-08T14:18:50Z" finished-at="2014-07-08T14:18:51Z">
          <params>
            <param index="0">
              <value>
                <![CDATA[[TestResult name=testAddEmployee status=FAILURE method=TestAddNewEmployee.testAddEmployee(com.orasi.bluesource.dataObject.TestAddNewEmployeeData)[pri:0, instance:com.orasi.bluesource.test.TestAddNewEmployee@3cda1055] output={null}]]]>
              </value>
            </param>
          </params>
          <reporter-output>
            <line>
              <![CDATA[Failure]]>
            </line>
            <line>
              <![CDATA[<a href='C:\Maven\BluesourceSeleniumTests\failure_screenshots\testAddEmployee_08_07_2014_02_18_50.png'>screenshot</a>]]>
            </line>
          </reporter-output>
        </test-method> <!-- catchExceptions -->
        <test-method status="PASS" signature="cleanUp()[pri:0, instance:com.orasi.bluesource.test.TestAddNewEmployee@3cda1055]" name="cleanUp" is-config="true" duration-ms="2571" started-at="2014-07-08T14:18:51Z" finished-at="2014-07-08T14:18:53Z">
          <reporter-output>
          </reporter-output>
        </test-method> <!-- cleanUp -->
      </class> <!-- com.orasi.bluesource.test.TestAddNewEmployee -->
    </test> <!-- Add New Employee -->
  </suite> <!-- Regression -->
</testng-results>
