<?xml version="1.0" encoding="UTF-8"?>
<!-- Generated by org.testng.reporters.JUnitReportReporter -->
<testsuite hostname="Jesse" name="com.orasi.bluesource.test.TestEnterTimeOffDetails" tests="5" failures="1" timestamp="23 Jul 2014 22:06:27 GMT" time="34.439" errors="0">
  <testcase name="testEnterTimeOffDetails" time="6.034" classname="com.orasi.bluesource.test.TestEnterTimeOffDetails"/>
  <testcase name="testEnterTimeOffDetails" time="6.356" classname="com.orasi.bluesource.test.TestEnterTimeOffDetails"/>
  <testcase name="testEnterTimeOffDetails" time="9.546" classname="com.orasi.bluesource.test.TestEnterTimeOffDetails">
    <failure type="org.openqa.selenium.TimeoutException" message="Timed out after 5 seconds waiting for visibility of [[ChromeDriver: chrome on XP (b0dc85d0b941520d7138c958df9e6e7f)] -&gt; css selector: input[class = &#039;half-day&#039;]]
Build info: version: &#039;2.42.2&#039;, revision: &#039;6a6995d&#039;, time: &#039;2014-06-03 17:42:30&#039;
System info: host: &#039;Jesse&#039;, ip: &#039;192.168.238.1&#039;, os.name: &#039;Windows 7&#039;, os.arch: &#039;amd64&#039;, os.version: &#039;6.1&#039;, java.version: &#039;1.8.0_05&#039;
Driver info: driver.version: unknown">
      <![CDATA[org.openqa.selenium.TimeoutException: Timed out after 5 seconds waiting for visibility of [[ChromeDriver: chrome on XP (b0dc85d0b941520d7138c958df9e6e7f)] -> css selector: input[class = 'half-day']]
Build info: version: '2.42.2', revision: '6a6995d', time: '2014-06-03 17:42:30'
System info: host: 'Jesse', ip: '192.168.238.1', os.name: 'Windows 7', os.arch: 'amd64', os.version: '6.1', java.version: '1.8.0_05'
Driver info: driver.version: unknown
	at org.openqa.selenium.support.ui.FluentWait.timeoutException(FluentWait.java:259)
	at org.openqa.selenium.support.ui.FluentWait.until(FluentWait.java:228)
	at com.orasi.bluesource.pageObject.TimeOffDetailsPage.enterTimeOff(TimeOffDetailsPage.java:94)
	at com.orasi.bluesource.test.TestEnterTimeOffDetails.testEnterTimeOffDetails(TestEnterTimeOffDetails.java:48)
	at sun.reflect.NativeMethodAccessorImpl.invoke0(Native Method)
	at sun.reflect.NativeMethodAccessorImpl.invoke(Unknown Source)
	at sun.reflect.DelegatingMethodAccessorImpl.invoke(Unknown Source)
	at java.lang.reflect.Method.invoke(Unknown Source)
	at org.testng.internal.MethodInvocationHelper.invokeMethod(MethodInvocationHelper.java:84)
	at org.testng.internal.Invoker.invokeMethod(Invoker.java:714)
	at org.testng.internal.Invoker.invokeTestMethod(Invoker.java:901)
	at org.testng.internal.Invoker.invokeTestMethods(Invoker.java:1231)
	at org.testng.internal.TestMethodWorker.invokeTestMethods(TestMethodWorker.java:127)
	at org.testng.internal.TestMethodWorker.run(TestMethodWorker.java:111)
	at org.testng.TestRunner.privateRun(TestRunner.java:767)
	at org.testng.TestRunner.run(TestRunner.java:617)
	at org.testng.SuiteRunner.runTest(SuiteRunner.java:334)
	at org.testng.SuiteRunner.runSequentially(SuiteRunner.java:329)
	at org.testng.SuiteRunner.privateRun(SuiteRunner.java:291)
	at org.testng.SuiteRunner.run(SuiteRunner.java:240)
	at org.testng.SuiteRunnerWorker.runSuite(SuiteRunnerWorker.java:52)
	at org.testng.SuiteRunnerWorker.run(SuiteRunnerWorker.java:86)
	at org.testng.TestNG.runSuitesSequentially(TestNG.java:1224)
	at org.testng.TestNG.runSuitesLocally(TestNG.java:1149)
	at org.testng.TestNG.run(TestNG.java:1057)
	at org.testng.remote.RemoteTestNG.run(RemoteTestNG.java:111)
	at org.testng.remote.RemoteTestNG.initAndRun(RemoteTestNG.java:204)
	at org.testng.remote.RemoteTestNG.main(RemoteTestNG.java:175)
]]>
    </failure>
  </testcase> <!-- testEnterTimeOffDetails -->
  <testcase name="testEnterTimeOffDetails" time="6.599" classname="com.orasi.bluesource.test.TestEnterTimeOffDetails"/>
  <testcase name="testEnterTimeOffDetails" time="5.904" classname="com.orasi.bluesource.test.TestEnterTimeOffDetails"/>
</testsuite> <!-- com.orasi.bluesource.test.TestEnterTimeOffDetails -->
